{"C:\\Users\\Emeka\\Workspace\\JOB_TESTS\\thrivecart\\src\\application\\basket-service.ts": {"path":"C:\\Users\\Emeka\\Workspace\\JOB_TESTS\\thrivecart\\src\\application\\basket-service.ts","statementMap":{"0":{"start":{"line":7,"column":35},"end":{"line":39,"column":1}},"1":{"start":{"line":11,"column":28},"end":{"line":11,"column":30}},"2":{"start":{"line":13,"column":14},"end":{"line":20,"column":3}},"3":{"start":{"line":14,"column":21},"end":{"line":14,"column":71}},"4":{"start":{"line":14,"column":39},"end":{"line":14,"column":70}},"5":{"start":{"line":15,"column":4},"end":{"line":19,"column":5}},"6":{"start":{"line":16,"column":6},"end":{"line":16,"column":29}},"7":{"start":{"line":18,"column":6},"end":{"line":18,"column":43}},"8":{"start":{"line":22,"column":16},"end":{"line":32,"column":3}},"9":{"start":{"line":23,"column":21},"end":{"line":25,"column":null}},"10":{"start":{"line":24,"column":21},"end":{"line":24,"column":61}},"11":{"start":{"line":27,"column":21},"end":{"line":27,"column":71}},"12":{"start":{"line":27,"column":47},"end":{"line":27,"column":67}},"13":{"start":{"line":28,"column":26},"end":{"line":28,"column":45}},"14":{"start":{"line":29,"column":25},"end":{"line":29,"column":54}},"15":{"start":{"line":31,"column":4},"end":{"line":31,"column":65}},"16":{"start":{"line":34,"column":16},"end":{"line":36,"column":3}},"17":{"start":{"line":35,"column":4},"end":{"line":35,"column":15}},"18":{"start":{"line":38,"column":2},"end":{"line":38,"column":59}},"19":{"start":{"line":38,"column":46},"end":{"line":38,"column":56}},"20":{"start":{"line":7,"column":13},"end":{"line":7,"column":35}}},"fnMap":{"0":{"name":"(anonymous_0)","decl":{"start":{"line":7,"column":35},"end":{"line":7,"column":null}},"loc":{"start":{"line":10,"column":4},"end":{"line":39,"column":1}}},"1":{"name":"(anonymous_1)","decl":{"start":{"line":13,"column":14},"end":{"line":13,"column":15}},"loc":{"start":{"line":13,"column":35},"end":{"line":20,"column":3}}},"2":{"name":"(anonymous_2)","decl":{"start":{"line":14,"column":32},"end":{"line":14,"column":33}},"loc":{"start":{"line":14,"column":39},"end":{"line":14,"column":70}}},"3":{"name":"(anonymous_3)","decl":{"start":{"line":22,"column":16},"end":{"line":22,"column":19}},"loc":{"start":{"line":22,"column":21},"end":{"line":32,"column":3}}},"4":{"name":"(anonymous_4)","decl":{"start":{"line":24,"column":6},"end":{"line":24,"column":7}},"loc":{"start":{"line":24,"column":21},"end":{"line":24,"column":61}}},"5":{"name":"(anonymous_5)","decl":{"start":{"line":27,"column":35},"end":{"line":27,"column":36}},"loc":{"start":{"line":27,"column":47},"end":{"line":27,"column":67}}},"6":{"name":"(anonymous_6)","decl":{"start":{"line":34,"column":16},"end":{"line":34,"column":19}},"loc":{"start":{"line":34,"column":21},"end":{"line":36,"column":3}}},"7":{"name":"(anonymous_7)","decl":{"start":{"line":38,"column":40},"end":{"line":38,"column":43}},"loc":{"start":{"line":38,"column":46},"end":{"line":38,"column":56}}}},"branchMap":{"0":{"loc":{"start":{"line":15,"column":4},"end":{"line":19,"column":5}},"type":"if","locations":[{"start":{"line":15,"column":4},"end":{"line":19,"column":5}},{"start":{"line":17,"column":11},"end":{"line":19,"column":5}}]}},"s":{"0":1,"1":9,"2":9,"3":23,"4":21,"5":23,"6":9,"7":14,"8":9,"9":10,"10":17,"11":10,"12":10,"13":10,"14":10,"15":10,"16":9,"17":0,"18":9,"19":0,"20":1},"f":{"0":9,"1":23,"2":21,"3":10,"4":17,"5":10,"6":0,"7":0},"b":{"0":[9,14]}}
,"C:\\Users\\Emeka\\Workspace\\JOB_TESTS\\thrivecart\\src\\domain\\delivery\\default-delivery.ts": {"path":"C:\\Users\\Emeka\\Workspace\\JOB_TESTS\\thrivecart\\src\\domain\\delivery\\default-delivery.ts","statementMap":{"0":{"start":{"line":3,"column":31},"end":{"line":9,"column":2}},"1":{"start":{"line":3,"column":56},"end":{"line":9,"column":2}},"2":{"start":{"line":5,"column":4},"end":{"line":5,"column":35}},"3":{"start":{"line":5,"column":23},"end":{"line":5,"column":35}},"4":{"start":{"line":6,"column":4},"end":{"line":6,"column":35}},"5":{"start":{"line":6,"column":23},"end":{"line":6,"column":35}},"6":{"start":{"line":7,"column":4},"end":{"line":7,"column":13}},"7":{"start":{"line":3,"column":13},"end":{"line":3,"column":31}}},"fnMap":{"0":{"name":"(anonymous_0)","decl":{"start":{"line":3,"column":31},"end":{"line":3,"column":52}},"loc":{"start":{"line":3,"column":56},"end":{"line":9,"column":2}}},"1":{"name":"(anonymous_1)","decl":{"start":{"line":4,"column":9},"end":{"line":4,"column":10}},"loc":{"start":{"line":4,"column":30},"end":{"line":8,"column":3}}}},"branchMap":{"0":{"loc":{"start":{"line":5,"column":4},"end":{"line":5,"column":35}},"type":"if","locations":[{"start":{"line":5,"column":4},"end":{"line":5,"column":35}},{"start":{},"end":{}}]},"1":{"loc":{"start":{"line":6,"column":4},"end":{"line":6,"column":35}},"type":"if","locations":[{"start":{"line":6,"column":4},"end":{"line":6,"column":35}},{"start":{},"end":{}}]}},"s":{"0":2,"1":10,"2":19,"3":7,"4":12,"5":7,"6":5,"7":2},"f":{"0":10,"1":19},"b":{"0":[7,12],"1":[7,5]}}
,"C:\\Users\\Emeka\\Workspace\\JOB_TESTS\\thrivecart\\src\\domain\\offers\\red-widget-offer.ts": {"path":"C:\\Users\\Emeka\\Workspace\\JOB_TESTS\\thrivecart\\src\\domain\\offers\\red-widget-offer.ts","statementMap":{"0":{"start":{"line":4,"column":30},"end":{"line":15,"column":2}},"1":{"start":{"line":4,"column":52},"end":{"line":15,"column":2}},"2":{"start":{"line":6,"column":19},"end":{"line":6,"column":20}},"3":{"start":{"line":7,"column":4},"end":{"line":12,"column":7}},"4":{"start":{"line":8,"column":6},"end":{"line":11,"column":7}},"5":{"start":{"line":9,"column":30},"end":{"line":9,"column":59}},"6":{"start":{"line":10,"column":8},"end":{"line":10,"column":61}},"7":{"start":{"line":13,"column":4},"end":{"line":13,"column":20}},"8":{"start":{"line":4,"column":13},"end":{"line":4,"column":30}}},"fnMap":{"0":{"name":"(anonymous_0)","decl":{"start":{"line":4,"column":30},"end":{"line":4,"column":48}},"loc":{"start":{"line":4,"column":52},"end":{"line":15,"column":2}}},"1":{"name":"(anonymous_1)","decl":{"start":{"line":5,"column":9},"end":{"line":5,"column":10}},"loc":{"start":{"line":5,"column":33},"end":{"line":14,"column":3}}},"2":{"name":"(anonymous_2)","decl":{"start":{"line":7,"column":18},"end":{"line":7,"column":19}},"loc":{"start":{"line":7,"column":27},"end":{"line":12,"column":5}}}},"branchMap":{"0":{"loc":{"start":{"line":8,"column":6},"end":{"line":11,"column":7}},"type":"if","locations":[{"start":{"line":8,"column":6},"end":{"line":11,"column":7}},{"start":{},"end":{}}]}},"s":{"0":2,"1":10,"2":15,"3":15,"4":23,"5":12,"6":12,"7":15,"8":2},"f":{"0":10,"1":15,"2":23},"b":{"0":[12,11]}}
}
