TN:
SF:src\application\basket-service.ts
FN:7,(anonymous_0)
FN:13,(anonymous_1)
FN:14,(anonymous_2)
FN:22,(anonymous_3)
FN:24,(anonymous_4)
FN:27,(anonymous_5)
FN:34,(anonymous_6)
FN:38,(anonymous_7)
FNF:8
FNH:6
FNDA:9,(anonymous_0)
FNDA:23,(anonymous_1)
FNDA:21,(anonymous_2)
FNDA:10,(anonymous_3)
FNDA:17,(anonymous_4)
FNDA:10,(anonymous_5)
FNDA:0,(anonymous_6)
FNDA:0,(anonymous_7)
DA:7,1
DA:11,9
DA:13,9
DA:14,23
DA:15,23
DA:16,9
DA:18,14
DA:22,9
DA:23,10
DA:24,17
DA:27,10
DA:28,10
DA:29,10
DA:31,10
DA:34,9
DA:35,0
DA:38,9
LF:17
LH:16
BRDA:15,0,0,9
BRDA:15,0,1,14
BRF:2
BRH:2
end_of_record
TN:
SF:src\domain\delivery\default-delivery.ts
FN:3,(anonymous_0)
FN:4,(anonymous_1)
FNF:2
FNH:2
FNDA:10,(anonymous_0)
FNDA:19,(anonymous_1)
DA:3,10
DA:5,19
DA:6,12
DA:7,5
LF:4
LH:4
BRDA:5,0,0,7
BRDA:5,0,1,12
BRDA:6,1,0,7
BRDA:6,1,1,5
BRF:4
BRH:4
end_of_record
TN:
SF:src\domain\offers\red-widget-offer.ts
FN:4,(anonymous_0)
FN:5,(anonymous_1)
FN:7,(anonymous_2)
FNF:3
FNH:3
FNDA:10,(anonymous_0)
FNDA:15,(anonymous_1)
FNDA:23,(anonymous_2)
DA:4,10
DA:6,15
DA:7,15
DA:8,23
DA:9,12
DA:10,12
DA:13,15
LF:7
LH:7
BRDA:8,0,0,12
BRDA:8,0,1,11
BRF:2
BRH:2
end_of_record
